[debug] [2018-01-16T21:39:06.426Z] ----------------------------------------------------------------------
[debug] [2018-01-16T21:39:06.428Z] Command:       C:\Program Files\nodejs\node.exe C:\Users\galla\AppData\Roaming\npm\node_modules\firebase-tools\bin\firebase deploy
[debug] [2018-01-16T21:39:06.429Z] CLI Version:   3.16.0
[debug] [2018-01-16T21:39:06.429Z] Platform:      win32
[debug] [2018-01-16T21:39:06.429Z] Node Version:  v8.9.4
[debug] [2018-01-16T21:39:06.429Z] Time:          Tue Jan 16 2018 15:39:06 GMT-0600 (Central Standard Time)
[debug] [2018-01-16T21:39:06.429Z] ----------------------------------------------------------------------
[debug] 
[debug] [2018-01-16T21:39:06.439Z] > command requires scopes: ["email","openid","https://www.googleapis.com/auth/cloudplatformprojects.readonly","https://www.googleapis.com/auth/firebase","https://www.googleapis.com/auth/cloud-platform"]
[debug] [2018-01-16T21:39:06.440Z] > authorizing via signed-in user
[debug] [2018-01-16T21:39:06.441Z] >>> HTTP REQUEST GET https://admin.firebase.com/v1/projects/ease-f60ed  
  
 Tue Jan 16 2018 15:39:06 GMT-0600 (Central Standard Time)
[debug] [2018-01-16T21:39:06.777Z] <<< HTTP RESPONSE 200
[debug] [2018-01-16T21:39:06.778Z] >>> HTTP REQUEST GET https://admin.firebase.com/v1/database/ease-f60ed/tokens  
  
 Tue Jan 16 2018 15:39:06 GMT-0600 (Central Standard Time)
[debug] [2018-01-16T21:39:07.182Z] <<< HTTP RESPONSE 200
[info] 
[info] === Deploying to 'ease-f60ed'...
[info] 
[info] i  deploying functions, hosting
[debug] [2018-01-16T21:39:07.338Z] > [functions] package.json contents: {
  "name": "functions",
  "description": "Cloud Functions for Firebase",
  "dependencies": {
    "firebase-admin": "~5.4.0",
    "firebase-functions": "^0.7.0"
  },
  "private": true
}
[info] i  functions: ensuring necessary APIs are enabled...
[debug] [2018-01-16T21:39:07.340Z] >>> HTTP REQUEST GET https://servicemanagement.googleapis.com/v1/services/cloudfunctions.googleapis.com/projectSettings/ease-f60ed?view=CONSUMER_VIEW  
  
 Tue Jan 16 2018 15:39:07 GMT-0600 (Central Standard Time)
[debug] [2018-01-16T21:39:07.340Z] >>> HTTP REQUEST GET https://servicemanagement.googleapis.com/v1/services/runtimeconfig.googleapis.com/projectSettings/ease-f60ed?view=CONSUMER_VIEW  
  
 Tue Jan 16 2018 15:39:07 GMT-0600 (Central Standard Time)
[debug] [2018-01-16T21:39:07.815Z] <<< HTTP RESPONSE 200
[debug] [2018-01-16T21:39:07.827Z] <<< HTTP RESPONSE 200
[info] +  functions: all necessary APIs are enabled
[debug] [2018-01-16T21:39:07.834Z] >>> HTTP REQUEST GET https://appengine.googleapis.com/v1/apps/ease-f60ed  
  
 Tue Jan 16 2018 15:39:07 GMT-0600 (Central Standard Time)
[debug] [2018-01-16T21:39:07.835Z] >>> HTTP REQUEST GET https://apikeys.googleapis.com/v1/projects/ease-f60ed/apiKeys  
  
 Tue Jan 16 2018 15:39:07 GMT-0600 (Central Standard Time)
[debug] [2018-01-16T21:39:08.044Z] <<< HTTP RESPONSE 200
[debug] [2018-01-16T21:39:08.216Z] <<< HTTP RESPONSE 200
